running test
Searching for vobject
Best match: vobject 0.9.6.1
Processing vobject-0.9.6.1-py3.7.egg

Using c:\users\tanne\documents\portfolioprojects\django_extensions\django-extensions\.eggs\vobject-0.9.6.1-py3.7.egg
Searching for tox
Best match: tox 3.14.0
Processing tox-3.14.0-py3.7.egg

Using c:\users\tanne\documents\portfolioprojects\django_extensions\django-extensions\.eggs\tox-3.14.0-py3.7.egg
Searching for shortuuid
Best match: shortuuid 0.5.0
Processing shortuuid-0.5.0-py3.7.egg

Using c:\users\tanne\documents\portfolioprojects\django_extensions\django-extensions\.eggs\shortuuid-0.5.0-py3.7.egg
Searching for pytest-django
Best match: pytest-django 3.6.0
Processing pytest_django-3.6.0-py3.7.egg

Using c:\users\tanne\documents\portfolioprojects\django_extensions\django-extensions\.eggs\pytest_django-3.6.0-py3.7.egg
Searching for pytest-cov
Best match: pytest-cov 2.8.1
Processing pytest_cov-2.8.1-py3.7.egg

Using c:\users\tanne\documents\portfolioprojects\django_extensions\django-extensions\.eggs\pytest_cov-2.8.1-py3.7.egg
Searching for pytest
Best match: pytest 5.2.2
Processing pytest-5.2.2-py3.7.egg

Using c:\users\tanne\documents\portfolioprojects\django_extensions\django-extensions\.eggs\pytest-5.2.2-py3.7.egg
Searching for mock
Best match: mock 3.0.5
Processing mock-3.0.5-py3.7.egg

Using c:\users\tanne\documents\portfolioprojects\django_extensions\django-extensions\.eggs\mock-3.0.5-py3.7.egg
Searching for factory-boy
Best match: factory-boy 2.12.0
Processing factory_boy-2.12.0-py3.7.egg

Using c:\users\tanne\documents\portfolioprojects\django_extensions\django-extensions\.eggs\factory_boy-2.12.0-py3.7.egg
Searching for Werkzeug
Best match: werkzeug 0.16.0
Processing werkzeug-0.16.0-py3.7.egg

Using c:\users\tanne\documents\portfolioprojects\django_extensions\django-extensions\.eggs\werkzeug-0.16.0-py3.7.egg
Searching for toml>=0.9.4
Best match: toml 0.10.0
Processing toml-0.10.0-py3.7.egg

Using c:\users\tanne\documents\portfolioprojects\django_extensions\django-extensions\.eggs\toml-0.10.0-py3.7.egg
Searching for py<2,>=1.4.17
Best match: py 1.8.0
Processing py-1.8.0-py3.7.egg

Using c:\users\tanne\documents\portfolioprojects\django_extensions\django-extensions\.eggs\py-1.8.0-py3.7.egg
Searching for pluggy<1,>=0.12.0
Best match: pluggy 0.13.0
Processing pluggy-0.13.0-py3.7.egg

Using c:\users\tanne\documents\portfolioprojects\django_extensions\django-extensions\.eggs\pluggy-0.13.0-py3.7.egg
Searching for packaging>=14
Best match: packaging 19.2
Processing packaging-19.2-py3.7.egg

Using c:\users\tanne\documents\portfolioprojects\django_extensions\django-extensions\.eggs\packaging-19.2-py3.7.egg
Searching for importlib-metadata<1,>=0.12
Best match: importlib-metadata 0.23
Processing importlib_metadata-0.23-py3.7.egg

Using c:\users\tanne\documents\portfolioprojects\django_extensions\django-extensions\.eggs\importlib_metadata-0.23-py3.7.egg
Searching for filelock<4,>=3.0.0
Best match: filelock 3.0.12
Processing filelock-3.0.12-py3.7.egg

Using c:\users\tanne\documents\portfolioprojects\django_extensions\django-extensions\.eggs\filelock-3.0.12-py3.7.egg
Searching for coverage>=4.4
Best match: coverage 5.0a8
Processing coverage-5.0a8-py3.7-win32.egg

Using c:\users\tanne\documents\portfolioprojects\django_extensions\django-extensions\.eggs\coverage-5.0a8-py3.7-win32.egg
Searching for wcwidth
Best match: wcwidth 0.1.7
Processing wcwidth-0.1.7-py3.7.egg

Using c:\users\tanne\documents\portfolioprojects\django_extensions\django-extensions\.eggs\wcwidth-0.1.7-py3.7.egg
Searching for more-itertools>=4.0.0
Best match: more-itertools 7.2.0
Processing more_itertools-7.2.0-py3.7.egg

Using c:\users\tanne\documents\portfolioprojects\django_extensions\django-extensions\.eggs\more_itertools-7.2.0-py3.7.egg
Searching for colorama
Best match: colorama 0.4.1
Processing colorama-0.4.1-py3.7.egg

Using c:\users\tanne\documents\portfolioprojects\django_extensions\django-extensions\.eggs\colorama-0.4.1-py3.7.egg
Searching for atomicwrites>=1.0
Best match: atomicwrites 1.3.0
Processing atomicwrites-1.3.0-py3.7.egg

Using c:\users\tanne\documents\portfolioprojects\django_extensions\django-extensions\.eggs\atomicwrites-1.3.0-py3.7.egg
Searching for Faker>=0.7.0
Best match: faker 2.0.3
Processing faker-2.0.3-py3.7.egg

Using c:\users\tanne\documents\portfolioprojects\django_extensions\django-extensions\.eggs\faker-2.0.3-py3.7.egg
Searching for pyparsing>=2.0.2
Best match: pyparsing 2.4.2
Processing pyparsing-2.4.2-py3.7.egg

Using c:\users\tanne\documents\portfolioprojects\django_extensions\django-extensions\.eggs\pyparsing-2.4.2-py3.7.egg
Searching for zipp>=0.5
Best match: zipp 0.6.0
Processing zipp-0.6.0-py3.7.egg

Using c:\users\tanne\documents\portfolioprojects\django_extensions\django-extensions\.eggs\zipp-0.6.0-py3.7.egg
Searching for text-unidecode==1.3
Best match: text-unidecode 1.3
Processing text_unidecode-1.3-py3.7.egg

Using c:\users\tanne\documents\portfolioprojects\django_extensions\django-extensions\.eggs\text_unidecode-1.3-py3.7.egg
running egg_info
writing django_extensions.egg-info\PKG-INFO
writing dependency_links to django_extensions.egg-info\dependency_links.txt
writing requirements to django_extensions.egg-info\requires.txt
writing top-level names to django_extensions.egg-info\top_level.txt
reading manifest file 'django_extensions.egg-info\SOURCES.txt'
reading manifest template 'MANIFEST.in'
writing manifest file 'django_extensions.egg-info\SOURCES.txt'
running build_ext
============================= test session starts =============================
platform win32 -- Python 3.7.3, pytest-5.2.2, py-1.8.0, pluggy-0.13.0
Django settings: tests.testapp.settings (from command line option)
rootdir: C:\Users\tanne\Documents\PortfolioProjects\django_extensions\django-extensions, inifile: setup.cfg
plugins: cov-2.8.1, django-3.6.0
collected 484 items / 1 skipped / 483 selected

tests\test_autoslug_fields.py .....................                      [  4%]
tests\test_encrypted_fields.py ssssssss                                  [  5%]
tests\management\commands\test_export_emails.py .........                [  7%]
tests\management\commands\test_runserver_plus.py .                       [  8%]
tests\management\commands\test_set_fake_emails.py .........              [  9%]
tests\management\commands\test_set_fake_passwords.py ....                [ 10%]
tests\test_admin_filter.py .....                                         [ 11%]
tests\test_admin_widgets.py .                                            [ 11%]
tests\test_autoslug_fields.py ..                                         [ 12%]
tests\test_clean_pyc.py ...                                              [ 13%]
tests\test_color.py ..                                                   [ 13%]
tests\test_compat.py ...                                                 [ 14%]
tests\test_compile_pyc.py ..                                             [ 14%]
tests\test_dumpscript.py .....                                           [ 15%]
tests\test_encrypted_fields.py sss                                       [ 16%]
tests\test_find_template.py ..                                           [ 16%]
tests\test_json_field.py ..........                                      [ 18%]
tests\test_logging_filters.py ...                                        [ 19%]
tests\test_management_command.py .................                       [ 22%]
tests\test_models.py ......                                              [ 23%]
tests\test_modificationdatetime_fields.py F.F                            [ 24%]
tests\test_parse_mysql_cnf.py ...                                        [ 25%]
tests\test_randomchar_field.py ...........                               [ 27%]
tests\test_runscript.py ....................................             [ 34%]
tests\test_runserver.py ....................                             [ 39%]
tests\test_shortuuid_field.py ....                                       [ 39%]
tests\test_sqldiff.py .sss...                                            [ 41%]
tests\test_template_rendering.py ..                                      [ 41%]
tests\test_templatetags.py ...                                           [ 42%]
tests\test_timestamped_model.py ..                                       [ 42%]
tests\test_validators.py ......                                          [ 44%]
tests\test_version.py ...                                                [ 44%]
tests\auth\test_mixins.py ..                                             [ 45%]
tests\db\fields\test_encrypted.py ssssssssss                             [ 47%]
tests\db\fields\test_uniq_field_mixin.py .......                         [ 48%]
tests\jobs\daily\test_cache_cleanup.py ..                                [ 48%]
tests\management\test_email_notifications.py ....                        [ 49%]
tests\management\test_modelviz.py ..                                     [ 50%]
tests\management\commands\test_admin_generator.py ....                   [ 51%]
tests\management\commands\test_clear_cache.py ......                     [ 52%]
tests\management\commands\test_create_command.py FFFF                    [ 53%]
tests\management\commands\test_create_jobs.py .F.F                       [ 53%]
tests\management\commands\test_create_template_tags.py ...               [ 54%]
tests\management\commands\test_delete_squashed_migrations.py .........   [ 56%]
tests\management\commands\test_describe_form.py ....                     [ 57%]
tests\management\commands\test_drop_test_database.py ..........          [ 59%]
tests\management\commands\test_generate_password.py ..                   [ 59%]
tests\management\commands\test_generate_secret_key.py .s                 [ 60%]
tests\management\commands\test_graph_models.py .............             [ 62%]
tests\management\commands\test_mail_debug.py .                           [ 63%]
tests\management\commands\test_notes.py FF.                              [ 63%]
tests\management\commands\test_pipchecker.py .....                       [ 64%]
tests\management\commands\test_print_settings.py .....                   [ 65%]
tests\management\commands\test_print_user_for_session.py .....           [ 66%]
tests\management\commands\test_reset_db.py ............                  [ 69%]
tests\management\commands\test_reset_schema.py ....                      [ 70%]
tests\management\commands\test_runjob.py .........                       [ 71%]
tests\management\commands\test_set_default_site.py ..........            [ 73%]
tests\management\commands\test_set_fake_emails.py .                      [ 74%]
tests\management\commands\test_set_fake_passwords.py .                   [ 74%]
tests\management\commands\test_show_template_tags.py ...                 [ 75%]
tests\management\commands\test_show_urls.py ..........                   [ 77%]
tests\management\commands\test_sqlcreate.py ......                       [ 78%]
tests\management\commands\test_sqldsn.py ..........                      [ 80%]
tests\management\commands\test_sync_s3.py ...........                    [ 82%]
tests\management\commands\test_syncdata.py .......                       [ 84%]
tests\management\commands\test_unreferenced_files.py ....                [ 84%]
tests\management\commands\test_update_permissions.py ....                [ 85%]
tests\management\commands\test_validate_templates.py .....               [ 86%]
tests\management\commands\shell_plus_tests\test_collision_resolver.py .. [ 87%]
........................                                                 [ 92%]
tests\management\commands\shell_plus_tests\test_import_subclasses.py ... [ 92%]
........                                                                 [ 94%]
tests\management\commands\shell_plus_tests\test_shell_plus.py ........   [ 96%]
tests\templatetags\test_highlighting.py ....                             [ 96%]
tests\templatetags\test_indent_text.py ....                              [ 97%]
tests\templatetags\test_syntax_color.py ........                         [ 99%]
django_extensions\management\shells.py .                                 [ 99%]
django_extensions\templatetags\widont.py ..                              [100%]

================================== FAILURES ===================================
______ ModificationDatetimeFieldTest.test_custom_modification_field_name ______

self = <tests.test_modificationdatetime_fields.ModificationDatetimeFieldTest testMethod=test_custom_modification_field_name>

    def test_custom_modification_field_name(self):
        m = CustomModelModificationDateTimeField.objects.create()
        current_updated_time = m.custom_modified
        m.field_to_update = False
        m.save()
>       self.assertNotEqual(m.custom_modified, current_updated_time)
E       AssertionError: datetime.datetime(2019, 10, 31, 8, 48, 47, 206552) == datetime.datetime(2019, 10, 31, 8, 48, 47, 206552)

tests\test_modificationdatetime_fields.py:26: AssertionError
___ ModificationDatetimeFieldTest.test_update_model_with_modification_field ___

self = <tests.test_modificationdatetime_fields.ModificationDatetimeFieldTest testMethod=test_update_model_with_modification_field>

    def test_update_model_with_modification_field(self):
        m = ModelModificationDateTimeField.objects.create()
        current_updated_time = m.modified
        m.field_to_update = False
        m.save()
>       self.assertNotEqual(m.modified, current_updated_time)
E       AssertionError: datetime.datetime(2019, 10, 31, 8, 48, 47, 218519) == datetime.datetime(2019, 10, 31, 8, 48, 47, 218519)

tests\test_modificationdatetime_fields.py:19: AssertionError
_ CreateCommandTests.test_should_create_management_command_files_and_print_filepaths _

self = <tests.management.commands.test_create_command.CreateCommandTests testMethod=test_should_create_management_command_files_and_print_filepaths>
m_stdout = <_io.StringIO object at 0x00B66DF0>

    @patch('sys.stdout', new_callable=StringIO)
    def test_should_create_management_command_files_and_print_filepaths(self, m_stdout):  # noqa
        call_command('create_command', TEST_APP, verbosity=2)
    
        for f in self.files:
            filepath = os.path.join(self.management_command_path, f)
>           self.assertIn(filepath, m_stdout.getvalue())
E           AssertionError: 'C:\\Users\\tanne\\Documents\\PortfolioProjects\\django_extensions\\django-extensions\\tests/testapp_with_appconfig/management\\__init__.py' not found in 'C:\\Users\\tanne\\Documents\\PortfolioProjects\\django_extensions\\django-extensions\\tests\\testapp_with_appconfig\\management\\__init__.py\nC:\\Users\\tanne\\Documents\\PortfolioProjects\\django_extensions\\django-extensions\\tests\\testapp_with_appconfig\\management\\commands\\sample.py\nC:\\Users\\tanne\\Documents\\PortfolioProjects\\django_extensions\\django-extensions\\tests\\testapp_with_appconfig\\management\\commands\\__init__.py\n'

tests\management\commands\test_create_command.py:67: AssertionError
_______ CreateCommandTests.test_should_print_error_on_OSError_exception _______

self = <tests.management.commands.test_create_command.CreateCommandTests testMethod=test_should_print_error_on_OSError_exception>
m__make_writeable = <MagicMock name='_make_writeable' id='19588464'>
m_stderr = <_io.StringIO object at 0x00B66D00>

    @patch('sys.stderr', new_callable=StringIO)
    @patch('django_extensions.management.commands.create_command._make_writeable')  # noqa
    def test_should_print_error_on_OSError_exception(self, m__make_writeable, m_stderr):  # noqa
        m__make_writeable.side_effect = OSError
        self._create__pycache__in_command_template_directory()
        self._create_hidden_directory_in_command_template_directory()
    
        call_command('create_command', TEST_APP)
        for f in self.files:
            filepath = os.path.join(self.management_command_path, f)
            self.assertIn("Notice: Couldn't set permission bits on {}. You're probably using an uncommon filesystem setup. No problem.\n".format(filepath),  # noqa
>                         m_stderr.getvalue())
E           AssertionError: "Notice: Couldn't set permission bits on C:\\Users\\tanne\\Documents\\PortfolioProjects\\django_extensions\\django-extensions\\tests/testapp_with_appconfig/management\\__init__.py. You're probably using an uncommon filesystem setup. No problem.\n" not found in "Notice: Couldn't set permission bits on C:\\Users\\tanne\\Documents\\PortfolioProjects\\django_extensions\\django-extensions\\tests\\testapp_with_appconfig\\management\\__init__.py. You're probably using an uncommon filesystem setup. No problem.\nNotice: Couldn't set permission bits on C:\\Users\\tanne\\Documents\\PortfolioProjects\\django_extensions\\django-extensions\\tests\\testapp_with_appconfig\\management\\commands\\sample.py. You're probably using an uncommon filesystem setup. No problem.\nNotice: Couldn't set permission bits on C:\\Users\\tanne\\Documents\\PortfolioProjects\\django_extensions\\django-extensions\\tests\\testapp_with_appconfig\\management\\commands\\__init__.py. You're probably using an uncommon filesystem setup. No problem.\n"

tests\management\commands\test_create_command.py:93: AssertionError
_ CreateCommandTests.test_should_print_management_command_files_only_on_dry_run _

self = <tests.management.commands.test_create_command.CreateCommandTests testMethod=test_should_print_management_command_files_only_on_dry_run>
m_stdout = <_io.StringIO object at 0x012C3F30>

    @patch('sys.stdout', new_callable=StringIO)
    def test_should_print_management_command_files_only_on_dry_run(self, m_stdout):  # noqa
        call_command('create_command', TEST_APP, '--dry-run', verbosity=2)
    
        for f in self.files:
            filepath = os.path.join(self.management_command_path, f)
>           self.assertIn(filepath, m_stdout.getvalue())
E           AssertionError: 'C:\\Users\\tanne\\Documents\\PortfolioProjects\\django_extensions\\django-extensions\\tests/testapp_with_appconfig/management\\__init__.py' not found in 'C:\\Users\\tanne\\Documents\\PortfolioProjects\\django_extensions\\django-extensions\\tests\\testapp_with_appconfig\\management\\__init__.py\nC:\\Users\\tanne\\Documents\\PortfolioProjects\\django_extensions\\django-extensions\\tests\\testapp_with_appconfig\\management\\commands\\sample.py\nC:\\Users\\tanne\\Documents\\PortfolioProjects\\django_extensions\\django-extensions\\tests\\testapp_with_appconfig\\management\\commands\\__init__.py\n'

tests\management\commands\test_create_command.py:58: AssertionError
_____ CreateCommandTests.test_should_print_that_filepaths_already_exists ______

self = <tests.management.commands.test_create_command.CreateCommandTests testMethod=test_should_print_that_filepaths_already_exists>
m_stdout = <_io.StringIO object at 0x00B66D50>

    @patch('sys.stdout', new_callable=StringIO)
    def test_should_print_that_filepaths_already_exists(self, m_stdout):  # noqa
        self._create_management_command_with_empty_files()
    
        call_command('create_command', TEST_APP, verbosity=2)
    
        for f in self.files:
            filepath = os.path.join(self.management_command_path, f)
>           self.assertIn('{} already exists'.format(filepath), m_stdout.getvalue())
E           AssertionError: 'C:\\Users\\tanne\\Documents\\PortfolioProjects\\django_extensions\\django-extensions\\tests/testapp_with_appconfig/management\\__init__.py already exists' not found in 'C:\\Users\\tanne\\Documents\\PortfolioProjects\\django_extensions\\django-extensions\\tests\\testapp_with_appconfig\\management\\__init__.py already exists\nC:\\Users\\tanne\\Documents\\PortfolioProjects\\django_extensions\\django-extensions\\tests\\testapp_with_appconfig\\management\\commands\\sample.py already exists\nC:\\Users\\tanne\\Documents\\PortfolioProjects\\django_extensions\\django-extensions\\tests\\testapp_with_appconfig\\management\\commands\\__init__.py already exists\n'

tests\management\commands\test_create_command.py:78: AssertionError
_ CreateJobsTests.test_should_create_jobs_directory_structure_and_print_SUCCESS_message _

self = <tests.management.commands.test_create_jobs.CreateJobsTests testMethod=test_should_create_jobs_directory_structure_and_print_SUCCESS_message>
m_stdout = <_io.StringIO object at 0x00B66D00>

    @patch('sys.stdout', new_callable=StringIO)
    def test_should_create_jobs_directory_structure_and_print_SUCCESS_message(self, m_stdout):
        call_command('create_jobs', 'testapp_with_no_models_file', verbosity=2)
    
        self.assertTrue(os.path.exists(JOBS_DIR))
        for time_period in TIME_PERIODS:
            self.assertIn(
                'testapp_with_no_models_file/jobs/{}/__init__.py'.format(time_period),
>               m_stdout.getvalue())
E           AssertionError: 'testapp_with_no_models_file/jobs/hourly/__init__.py' not found in 'C:\\Users\\tanne\\Documents\\PortfolioProjects\\django_extensions\\django-extensions\\tests\\testapp_with_no_models_file\\jobs\\sample.py\nC:\\Users\\tanne\\Documents\\PortfolioProjects\\django_extensions\\django-extensions\\tests\\testapp_with_no_models_file\\jobs\\__init__.py\nC:\\Users\\tanne\\Documents\\PortfolioProjects\\django_extensions\\django-extensions\\tests\\testapp_with_no_models_file\\jobs\\daily\\__init__.py\nC:\\Users\\tanne\\Documents\\PortfolioProjects\\django_extensions\\django-extensions\\tests\\testapp_with_no_models_file\\jobs\\hourly\\__init__.py\nC:\\Users\\tanne\\Documents\\PortfolioProjects\\django_extensions\\django-extensions\\tests\\testapp_with_no_models_file\\jobs\\monthly\\__init__.py\nC:\\Users\\tanne\\Documents\\PortfolioProjects\\django_extensions\\django-extensions\\tests\\testapp_with_no_models_file\\jobs\\weekly\\__init__.py\nC:\\Users\\tanne\\Documents\\PortfolioProjects\\django_extensions\\django-extensions\\tests\\testapp_with_no_models_file\\jobs\\yearly\\__init__.py\n'

tests\management\commands\test_create_jobs.py:60: AssertionError
_ CreateJobsTests.test_should_not_override_already_created_jobs_directory_structure_and_print_that_already_exists _

self = <tests.management.commands.test_create_jobs.CreateJobsTests testMethod=test_should_not_override_already_created_jobs_directory_structure_and_print_that_already_exists>
m_stdout = <_io.StringIO object at 0x00B66850>

    @patch('sys.stdout', new_callable=StringIO)
    def test_should_not_override_already_created_jobs_directory_structure_and_print_that_already_exists(self, m_stdout):
        call_command('create_jobs', 'testapp_with_no_models_file')
        sample_file_path = os.path.join(JOBS_DIR, 'sample.py')
        TEST_COMMENT = '# test'
        with open(sample_file_path, 'a') as f:
            f.write(TEST_COMMENT)
    
        call_command('create_jobs', 'testapp_with_no_models_file', verbosity=2)
    
        self.assertTrue(os.path.exists(JOBS_DIR))
        self.assertIn(TEST_COMMENT, open(sample_file_path).read())
        for time_period in TIME_PERIODS:
            self.assertIn(
                'testapp_with_no_models_file/jobs/{}/__init__.py already exists'.format(time_period),
>               m_stdout.getvalue())
E           AssertionError: 'testapp_with_no_models_file/jobs/hourly/__init__.py already exists' not found in 'C:\\Users\\tanne\\Documents\\PortfolioProjects\\django_extensions\\django-extensions\\tests\\testapp_with_no_models_file\\jobs\\sample.py already exists\nC:\\Users\\tanne\\Documents\\PortfolioProjects\\django_extensions\\django-extensions\\tests\\testapp_with_no_models_file\\jobs\\__init__.py already exists\nC:\\Users\\tanne\\Documents\\PortfolioProjects\\django_extensions\\django-extensions\\tests\\testapp_with_no_models_file\\jobs\\daily\\__init__.py already exists\nC:\\Users\\tanne\\Documents\\PortfolioProjects\\django_extensions\\django-extensions\\tests\\testapp_with_no_models_file\\jobs\\hourly\\__init__.py already exists\nC:\\Users\\tanne\\Documents\\PortfolioProjects\\django_extensions\\django-extensions\\tests\\testapp_with_no_models_file\\jobs\\monthly\\__init__.py already exists\nC:\\Users\\tanne\\Documents\\PortfolioProjects\\django_extensions\\django-extensions\\tests\\testapp_with_no_models_file\\jobs\\weekly\\__init__.py already exists\nC:\\Users\\tanne\\Documents\\PortfolioProjects\\django_extensions\\django-extensions\\tests\\testapp_with_no_models_file\\jobs\\yearly\\__init__.py already exists\n'

tests\management\commands\test_create_jobs.py:77: AssertionError
______________________________ test_without_args ______________________________

capsys = <_pytest.capture.CaptureFixture object at 0x07B3DCF0>
settings = <pytest_django.fixtures.SettingsWrapper object at 0x07B3DBD0>

    def test_without_args(capsys, settings):
        call_command('notes')
    
        out, err = capsys.readouterr()
>       assert 'tests/testapp/__init__.py:\n  * [  4] TODO  this is a test todo\n\n' in out
E       AssertionError: assert 'tests/testapp/__init__.py:\n  * [  4] TODO  this is a test todo\n\n' in 'C:\\Users\\tanne\\Documents\\PortfolioProjects\\django_extensions\\django-extensions\\tests/testapp\\file_with_utf8_n...ions\\management\\commands\\validate_templates.py:\n  * [ 16] TODO  Render the template with fake request object ?\n\n'

tests\management\commands\test_notes.py:13: AssertionError
_______________________________ test_with_utf8 ________________________________

capsys = <_pytest.capture.CaptureFixture object at 0x07B39DD0>
settings = <pytest_django.fixtures.SettingsWrapper object at 0x07B39C50>

    def test_with_utf8(capsys, settings):
        call_command('notes')
    
        out, err = capsys.readouterr()
>       assert 'tests/testapp/file_with_utf8_notes.py:\\n  * [  3] TODO  Russian text followed: \u042d\u0442\u043e \u0442\u0435\u0445\u0442 \u043d\u0430 \u043a\u0438\u0440\u0438\u043b\u043b\u0438\u0446\u0435\\n\\n' in out
E       AssertionError: assert 'tests/testapp/file_with_utf8_notes.py:\\n  * [  3] TODO  Russian text followed: \u042d\u0442\u043e \u0442\u0435\u0445\u0442 \u043d\u0430 \u043a\u0438\u0440\u0438\u043b\u043b\u0438\u0446\u0435\\n\\n' in 'C:\\\\Users\\\\tanne\\\\Documents\\\\PortfolioProjects\\\\django_extensions\\\\django-extensions\\\\tests/testapp\\\\file_with_utf8_n...ions\\\\management\\\\commands\\\\validate_templates.py:\\n  * [ 16] TODO  Render the template with fake request object ?\\n\\n'

tests\management\commands\test_notes.py:20: AssertionError
============================== warnings summary ===============================
C:\Users\tanne\AppData\Local\Programs\Python\Python37-32\lib\site-packages\pip\_vendor\html5lib\_trie\_base.py:3
  C:\Users\tanne\AppData\Local\Programs\Python\Python37-32\lib\site-packages\pip\_vendor\html5lib\_trie\_base.py:3: DeprecationWarning: Using or importing the ABCs from 'collections' instead of from 'collections.abc' is deprecated, and in 3.8 it will stop working
    from collections import Mapping

tests/management/commands/test_export_emails.py::test_do_export_emails_format_vcard_start
tests/management/commands/test_export_emails.py::test_do_export_emails_format_vcard_start
  c:\users\tanne\documents\portfolioprojects\django_extensions\django-extensions\.eggs\vobject-0.9.6.1-py3.7.egg\vobject\base.py:736: DeprecationWarning: invalid escape sequence \-

tests/management/commands/test_export_emails.py::test_do_export_emails_format_vcard_start
tests/management/commands/test_export_emails.py::test_do_export_emails_format_vcard_start
  c:\users\tanne\documents\portfolioprojects\django_extensions\django-extensions\.eggs\vobject-0.9.6.1-py3.7.egg\vobject\base.py:1219: DeprecationWarning: invalid escape sequence \;

tests/management/commands/test_export_emails.py::test_do_export_emails_format_vcard_start
tests/management/commands/test_export_emails.py::test_do_export_emails_format_vcard_start
  c:\users\tanne\documents\portfolioprojects\django_extensions\django-extensions\.eggs\vobject-0.9.6.1-py3.7.egg\vobject\base.py:1219: DeprecationWarning: invalid escape sequence \,

tests/management/commands/test_runserver_plus.py::test_initialize_runserver_plus
  C:\Users\tanne\Documents\PortfolioProjects\django_extensions\django-extensions\django_extensions\management\commands\runserver_plus.py:266: DeprecationWarning: The import 'werkzeug.DebuggedApplication' is deprecated and will be removed in Werkzeug 1.0. Use 'from werkzeug.debug import DebuggedApplication' instead.
    from werkzeug import run_simple, DebuggedApplication

tests/test_sqldiff.py::SqlDiffTests::test_format_field_names
  C:\Users\tanne\Documents\PortfolioProjects\django_extensions\django-extensions\tests\test_sqldiff.py:53: DeprecationWarning: Please use assertEqual instead.
    self.assertEquals(instance.format_field_names(['Name', 'EMAIL', 'aDDress']), expected_field_name)

tests/test_sqldiff.py::SqlDiffTests::test_sqlite_to_dict
  C:\Users\tanne\Documents\PortfolioProjects\django_extensions\django-extensions\tests\test_sqldiff.py:89: DeprecationWarning: Please use assertEqual instead.
    self.assertEquals(sqlite_dict, [{'BAR': 2, 'foo': 1}])

tests/management/commands/test_delete_squashed_migrations.py::DeleteSquashedMigrationsExceptionsTests::test_should_raise_CommandEror_if_more_than_one_migration_matches_to_given_arg
tests/management/commands/test_delete_squashed_migrations.py::DeleteSquashedMigrationsExceptionsTests::test_should_raise_CommandEror_if_squashed_migration_not_found
tests/management/commands/test_delete_squashed_migrations.py::DeleteSquashedMigrationsExceptionsTests::test_should_raise_CommandEror_if_squashed_migration_not_foundee
tests/management/commands/test_delete_squashed_migrations.py::DeleteSquashedMigrationsExceptionsTests::test_should_raise_CommandError_if_app_does_not_have_migrations
tests/management/commands/test_delete_squashed_migrations.py::DeleteSquashedMigrationsTests::test_should_delete_squashed_migrations
tests/management/commands/test_delete_squashed_migrations.py::DeleteSquashedMigrationsTests::test_should_delete_squashed_migrations_if_interactive_mode_is_set_to_False
tests/management/commands/test_delete_squashed_migrations.py::DeleteSquashedMigrationsTests::test_should_not_delete_anything
tests/management/commands/test_delete_squashed_migrations.py::DeleteSquashedMigrationsTests::test_should_not_delete_files_for_given_squashed_migration
  C:\Users\tanne\AppData\Local\Programs\Python\Python37-32\lib\site-packages\django\db\models\base.py:316: RuntimeWarning: Model 'testapp_with_appconfig.titlemodel' was already registered. Reloading models is not advised as it can lead to inconsistencies, most notably with related models.
    new_class._meta.apps.register_model(new_class._meta.app_label, new_class)

tests/management/commands/test_delete_squashed_migrations.py::DeleteSquashedMigrationsExceptionsTests::test_should_raise_CommandEror_if_squashed_migration_not_found
tests/management/commands/test_delete_squashed_migrations.py::DeleteSquashedMigrationsTests::test_should_delete_squashed_migrations
tests/management/commands/test_delete_squashed_migrations.py::DeleteSquashedMigrationsTests::test_should_delete_squashed_migrations_if_interactive_mode_is_set_to_False
tests/management/commands/test_delete_squashed_migrations.py::DeleteSquashedMigrationsTests::test_should_not_delete_anything
tests/management/commands/test_delete_squashed_migrations.py::DeleteSquashedMigrationsTests::test_should_not_delete_files_for_given_squashed_migration
  C:\Users\tanne\AppData\Local\Programs\Python\Python37-32\lib\site-packages\django\db\models\base.py:316: RuntimeWarning: Model 'testapp_with_appconfig.namemodel' was already registered. Reloading models is not advised as it can lead to inconsistencies, most notably with related models.
    new_class._meta.apps.register_model(new_class._meta.app_label, new_class)

tests/management/commands/test_describe_form.py::DescribeFormTests::test_should_print_form_definition_for_TestModel_with_non_editable_field
tests/management/commands/test_describe_form.py::DescribeFormTests::test_should_print_form_with_fields_for_TestModel
  C:\Users\tanne\AppData\Local\Programs\Python\Python37-32\lib\site-packages\django\db\models\base.py:316: RuntimeWarning: Model 'testapp.basemodel' was already registered. Reloading models is not advised as it can lead to inconsistencies, most notably with related models.
    new_class._meta.apps.register_model(new_class._meta.app_label, new_class)

tests/management/commands/test_describe_form.py::DescribeFormTests::test_should_print_form_definition_for_TestModel_with_non_editable_field
tests/management/commands/test_describe_form.py::DescribeFormTests::test_should_print_form_with_fields_for_TestModel
  C:\Users\tanne\AppData\Local\Programs\Python\Python37-32\lib\site-packages\django\db\models\base.py:316: RuntimeWarning: Model 'testapp.noneditablemodel' was already registered. Reloading models is not advised as it can lead to inconsistencies, most notably with related models.
    new_class._meta.apps.register_model(new_class._meta.app_label, new_class)

tests/management/commands/test_drop_test_database.py::DropTestDatabaseExceptionsTests::test_shoul_raise_CommandError_if_test_database_name_is_empty
tests/management/commands/test_drop_test_database.py::DropTestDatabaseExceptionsTests::test_should_raise_CommandError_if_unknown_database_engine
tests/management/commands/test_drop_test_database.py::DropTestDatabaseTests::test_mysql_should_drop_datatabase_with_host_and_port
tests/management/commands/test_drop_test_database.py::DropTestDatabaseTests::test_mysql_should_drop_datatabase_with_unix_socket
tests/management/commands/test_drop_test_database.py::DropTestDatabaseTests::test_postgresql_should_drop_database
tests/management/commands/test_drop_test_database.py::DropTestDatabaseTests::test_postgresql_should_not_print_Reset_successful_when_exception_occured
tests/management/commands/test_drop_test_database.py::DropTestDatabaseTests::test_sqlite3_should_not_print_Reset_successful_when_OSError_exception
tests/management/commands/test_drop_test_database.py::DropTestDatabaseTests::test_sqlite3_should_unlink_database
tests/management/commands/test_reset_db.py::ResetDbExceptionsTests::test_should_raise_CommandError_when_no_db_name_provided
tests/management/commands/test_reset_db.py::ResetDbExceptionsTests::test_should_raise_CommandError_when_unknown_database_engine
tests/management/commands/test_reset_db.py::ResetDbMysqlTests::test_should_drop_and_create_database_without_characterset_and_print_success_messsage
tests/management/commands/test_reset_schema.py::ResetSchemaExceptionsTests::test_should_raise_CommandError_when_database_ENGINE_different_thant_postgresql
tests/management/commands/test_sqlcreate.py::SqlCreateTests::test_should_print_SQL_create_database_statement_for_mysql
tests/management/commands/test_sqlcreate.py::SqlCreateTests::test_should_print_SQL_create_database_statement_for_postgresql
tests/management/commands/test_sqlcreate.py::SqlCreateTests::test_should_print_SQL_drop_and_create_database_statement_for_postgresql
tests/management/commands/test_sqlcreate.py::SqlCreateTests::test_should_print_stderr_and_standard_create_database_statement_for_unsupported_engine
tests/management/commands/test_sqlcreate.py::SqlCreateTests::test_should_print_stderr_for_sqlite3
tests/management/commands/test_sqldsn.py::SqlDsnExceptionsTests::test_should_raise_CommandError_if_unknown_router_does_not_exist
tests/management/commands/test_sqldsn.py::SqlDsnTests::test_should_print_all_info_for_postgresql_router
tests/management/commands/test_sqldsn.py::SqlDsnTests::test_should_print_info__with_kwargs_style_for_postgresql_psycopg2_router
tests/management/commands/test_sqldsn.py::SqlDsnTests::test_should_print_info__with_uri_style_for_postgis_router
tests/management/commands/test_sqldsn.py::SqlDsnTests::test_should_print_info__with_uri_style_without_port_for_postgis_router
tests/management/commands/test_sqldsn.py::SqlDsnTests::test_should_print_info_for_all_routers
tests/management/commands/test_sqldsn.py::SqlDsnTests::test_should_print_info_for_default_sqlite3_router
tests/management/commands/test_sqldsn.py::SqlDsnTests::test_should_print_info_with_all_style_for_all_routers
tests/management/commands/test_sqldsn.py::SqlDsnTests::test_should_print_info_with_pgpass_style_and_quiet_option_for_postgresql_router
tests/management/commands/test_sqldsn.py::SqlDsnTests::test_should_print_quiet_info_for_mysql_router
  C:\Users\tanne\AppData\Local\Programs\Python\Python37-32\lib\site-packages\django\test\utils.py:370: UserWarning: Overriding setting DATABASES can lead to unexpected behavior.
    with self as context:

tests/management/commands/test_print_settings.py::test_without_args
  C:\Users\tanne\Documents\PortfolioProjects\django_extensions\django-extensions\django_extensions\management\commands\print_settings.py:47: RemovedInDjango30Warning: The DEFAULT_CONTENT_TYPE setting is deprecated.
    value = getattr(settings, attr)

tests/management/commands/test_print_settings.py::test_without_args
  C:\Users\tanne\Documents\PortfolioProjects\django_extensions\django-extensions\django_extensions\management\commands\print_settings.py:47: RemovedInDjango31Warning: The FILE_CHARSET setting is deprecated. Starting with Django 3.1, all files read from disk must be UTF-8 encoded.
    value = getattr(settings, attr)

tests/management/commands/test_reset_db.py::ResetDbSqlite3Tests::test_should_cancel_reset_db_if_input_is_different_than_yes
tests/management/commands/test_reset_db.py::ResetDbMysqlTests::test_should_cancel_reset_db_if_input_is_different_than_yes
tests/management/commands/test_reset_db.py::ResetDbPostgresqlTests::test_should_cancel_reset_db_if_input_is_different_than_yes
tests/management/commands/test_reset_schema.py::ResetSchemaTests::test_should_cancel_reset_schema_and_print_info_if_input_is_different_than_yes
  C:\Users\tanne\AppData\Local\Programs\Python\Python37-32\lib\site-packages\django\test\testcases.py:1123: UserWarning: Overriding setting DATABASES can lead to unexpected behavior.
    super().setUpClass()

tests/management/commands/test_update_permissions.py::UpdatePermissionsTests::test_should_reload_permission_only_for_specified_apps
tests/management/commands/test_update_permissions.py::UpdatePermissionsTests::test_should_update_permission_if_name_changed
tests/management/commands/test_update_permissions.py::UpdatePermissionsTests::test_works
  C:\Users\tanne\AppData\Local\Programs\Python\Python37-32\lib\site-packages\django\db\models\base.py:316: RuntimeWarning: Model 'django_extensions.permmodel' was already registered. Reloading models is not advised as it can lead to inconsistencies, most notably with related models.
    new_class._meta.apps.register_model(new_class._meta.app_label, new_class)

tests/management/commands/test_update_permissions.py::UpdatePermissionsTests::test_should_reload_permission_only_for_specified_apps
tests/management/commands/test_update_permissions.py::UpdatePermissionsTests::test_should_update_permission_if_name_changed
tests/management/commands/test_update_permissions.py::UpdatePermissionsTests::test_works
  C:\Users\tanne\AppData\Local\Programs\Python\Python37-32\lib\site-packages\django\db\models\base.py:316: RuntimeWarning: Model 'testapp.testmodel' was already registered. Reloading models is not advised as it can lead to inconsistencies, most notably with related models.
    new_class._meta.apps.register_model(new_class._meta.app_label, new_class)

tests/templatetags/test_syntax_color.py::SyntaxColorTagTests::test_colorize_noclasses_should_return_value_if_lexer_class_not_found
  C:\Users\tanne\Documents\PortfolioProjects\django_extensions\django-extensions\tests\templatetags\test_syntax_color.py:102: DeprecationWarning: The unescape method is deprecated and will be removed in 3.5, use html.unescape() instead.
    self.assertHTMLEqual(HTMLParser().unescape(result), expected_result)

tests/templatetags/test_syntax_color.py::SyntaxColorTagTests::test_colorize_should_return_value_if_lexer_class_not_found
  C:\Users\tanne\Documents\PortfolioProjects\django_extensions\django-extensions\tests\templatetags\test_syntax_color.py:58: DeprecationWarning: The unescape method is deprecated and will be removed in 3.5, use html.unescape() instead.
    self.assertHTMLEqual(HTMLParser().unescape(result), expected_result)

tests/templatetags/test_syntax_color.py::SyntaxColorTagTests::test_colorize_table_should_return_value_if_lexer_class_not_found
  C:\Users\tanne\Documents\PortfolioProjects\django_extensions\django-extensions\tests\templatetags\test_syntax_color.py:81: DeprecationWarning: The unescape method is deprecated and will be removed in 3.5, use html.unescape() instead.
    self.assertHTMLEqual(HTMLParser().unescape(result), expected_result)

-- Docs: https://docs.pytest.org/en/latest/warnings.html

----------- coverage: platform win32, python 3.7.3-final-0 -----------
Name                                                                  Stmts   Miss  Cover
-----------------------------------------------------------------------------------------
django_extensions\__init__.py                                             9      3    67%
django_extensions\admin\__init__.py                                      93     63    32%
django_extensions\admin\filter.py                                        28      0   100%
django_extensions\admin\widgets.py                                       53      7    87%
django_extensions\auth\__init__.py                                        0      0   100%
django_extensions\auth\mixins.py                                          9      0   100%
django_extensions\collision_resolvers.py                                122      2    98%
django_extensions\compat.py                                              43     13    70%
django_extensions\db\__init__.py                                          0      0   100%
django_extensions\db\fields\__init__.py                                 326     54    83%
django_extensions\db\fields\encrypted.py                                 83     71    14%
django_extensions\db\fields\json.py                                      61      8    87%
django_extensions\db\models.py                                           50      0   100%
django_extensions\import_subclasses.py                                   33      0   100%
django_extensions\jobs\__init__.py                                        0      0   100%
django_extensions\jobs\daily\__init__.py                                  0      0   100%
django_extensions\jobs\daily\cache_cleanup.py                            14      0   100%
django_extensions\jobs\daily\daily_cleanup.py                             7      0   100%
django_extensions\jobs\hourly\__init__.py                                 0      0   100%
django_extensions\jobs\minutely\__init__.py                               0      0   100%
django_extensions\jobs\monthly\__init__.py                                0      0   100%
django_extensions\jobs\weekly\__init__.py                                 0      0   100%
django_extensions\jobs\yearly\__init__.py                                 0      0   100%
django_extensions\logging\__init__.py                                     0      0   100%
django_extensions\logging\filters.py                                     24      0   100%
django_extensions\management\__init__.py                                  0      0   100%
django_extensions\management\base.py                                     11      0   100%
django_extensions\management\color.py                                    21      0   100%
django_extensions\management\commands\__init__.py                         0      0   100%
django_extensions\management\commands\admin_generator.py                192     18    91%
django_extensions\management\commands\clean_pyc.py                       26      1    96%
django_extensions\management\commands\clear_cache.py                     23      0   100%
django_extensions\management\commands\compile_pyc.py                     25      1    96%
django_extensions\management\commands\create_command.py                  61      1    98%
django_extensions\management\commands\create_jobs.py                     45      2    96%
django_extensions\management\commands\create_template_tags.py            48      5    90%
django_extensions\management\commands\delete_squashed_migrations.py     108     12    89%
django_extensions\management\commands\describe_form.py                   45      1    98%
django_extensions\management\commands\drop_test_database.py              88      0   100%
django_extensions\management\commands\dumpscript.py                     317     42    87%
django_extensions\management\commands\export_emails.py                   81     10    88%
django_extensions\management\commands\find_template.py                   14      0   100%
django_extensions\management\commands\generate_password.py               17      2    88%
django_extensions\management\commands\generate_secret_key.py              8      0   100%
django_extensions\management\commands\graph_models.py                   127     48    62%
django_extensions\management\commands\mail_debug.py                      57     20    65%
django_extensions\management\commands\merge_model_instances.py          139     25    82%
django_extensions\management\commands\notes.py                           49      0   100%
django_extensions\management\commands\passwd.py                          35     22    37%
django_extensions\management\commands\pipchecker.py                     183     74    60%
django_extensions\management\commands\print_settings.py                  48      8    83%
django_extensions\management\commands\print_user_for_session.py          39      0   100%
django_extensions\management\commands\reset_db.py                       106      5    95%
django_extensions\management\commands\reset_schema.py                    31      0   100%
django_extensions\management\commands\runjob.py                          40      0   100%
django_extensions\management\commands\runjobs.py                         63     10    84%
django_extensions\management\commands\runprofileserver.py               194    173    11%
django_extensions\management\commands\runscript.py                      167     17    90%
django_extensions\management\commands\runserver_plus.py                 299    140    53%
django_extensions\management\commands\set_default_site.py                44      0   100%
django_extensions\management\commands\set_fake_emails.py                 53      0   100%
django_extensions\management\commands\set_fake_passwords.py              27      0   100%
django_extensions\management\commands\shell_plus.py                     355    246    31%
django_extensions\management\commands\show_template_tags.py              73      5    93%
django_extensions\management\commands\show_templatetags.py                8      2    75%
django_extensions\management\commands\show_urls.py                      154     40    74%
django_extensions\management\commands\sqlcreate.py                       42      0   100%
django_extensions\management\commands\sqldiff.py                        687    344    50%
django_extensions\management\commands\sqldsn.py                          72      0   100%
django_extensions\management\commands\sync_s3.py                        190     79    58%
django_extensions\management\commands\syncdata.py                       138     14    90%
django_extensions\management\commands\unreferenced_files.py              32      0   100%
django_extensions\management\commands\update_permissions.py              44      2    95%
django_extensions\management\commands\validate_templates.py              64      0   100%
django_extensions\management\email_notifications.py                      47      2    96%
django_extensions\management\jobs.py                                    130     14    89%
django_extensions\management\modelviz.py                                253     23    91%
django_extensions\management\mysql.py                                    20      0   100%
django_extensions\management\notebook_extension.py                        5      4    20%
django_extensions\management\shells.py                                  188     60    68%
django_extensions\management\signals.py                                  10      0   100%
django_extensions\management\technical_response.py                       14      8    43%
django_extensions\management\utils.py                                    46     15    67%
django_extensions\models.py                                               0      0   100%
django_extensions\mongodb\__init__.py                                     0      0   100%
django_extensions\mongodb\fields\__init__.py                            153    144     6%
django_extensions\mongodb\fields\encrypted.py                            42     42     0%
django_extensions\mongodb\fields\json.py                                 43     43     0%
django_extensions\mongodb\models.py                                      34     34     0%
django_extensions\settings.py                                            10      0   100%
django_extensions\templatetags\__init__.py                                0      0   100%
django_extensions\templatetags\debugger_tags.py                           8      0   100%
django_extensions\templatetags\highlighting.py                           37      0   100%
django_extensions\templatetags\indent_text.py                            34      0   100%
django_extensions\templatetags\syntax_color.py                           53      0   100%
django_extensions\templatetags\truncate_letters.py                        8      2    75%
django_extensions\templatetags\widont.py                                 23      4    83%
django_extensions\utils\__init__.py                                       0      0   100%
django_extensions\utils\deprecation.py                                    4      0   100%
django_extensions\utils\dia2django.py                                   143    129    10%
django_extensions\validators.py                                          72     21    71%
-----------------------------------------------------------------------------------------
TOTAL                                                                  7022   2135    70%
Coverage HTML written to dir htmlcov

==== 10 failed, 449 passed, 26 skipped, 69 warnings in 1021.25s (0:17:01) =====
